<?xml version="1.0" encoding="UTF-8"?>
<!-- Generated by org.testng.reporters.JUnitReportReporter -->
<testsuite hostname="RithinKumar-iMac.local" failures="0" tests="3" name="test.day4" time="0.008" errors="0" timestamp="2022-04-02T13:31:55 IST" skipped="0">
  <testcase classname="test.day4" name="LoginAPIHomeLoan" time="0.001"/>
  <system-out/>
  <testcase classname="test.day4" name="WebloginHomeLoan" time="0.001"/>
  <system-out/>
  <testcase classname="test.day4" name="MobileLoginHomeLoan" time="0.006"/>
  <system-out/>
</testsuite> <!-- test.day4 -->
