<?xml version="1.0" encoding="UTF-8"?>
<!-- Generated by org.testng.reporters.JUnitReportReporter -->
<testsuite hostname="RithinKumar-iMac.local" failures="0" tests="1" name="test.Practice2" time="0.001" errors="0" timestamp="2022-04-02T09:57:46 IST" skipped="0">
  <testcase classname="test.Practice2" name="Ploan" time="0.001"/>
  <system-out/>
</testsuite> <!-- test.Practice2 -->
